<?xml version="1.0" encoding="UTF-8"?>
<testng-results skipped="0" failed="0" ignored="0" total="0" passed="0">
  <reporter-output>
  </reporter-output>
  <suite name="pl.springAndHibernate.dao.DaoTest" duration-ms="15" started-at="2018-10-23T12:24:01Z" finished-at="2018-10-23T12:24:01Z">
    <groups>
    </groups>
    <test name="Command line test" duration-ms="15" started-at="2018-10-23T12:24:01Z" finished-at="2018-10-23T12:24:01Z">
    </test> <!-- Command line test -->
  </suite> <!-- pl.springAndHibernate.dao.DaoTest -->
</testng-results>
